  testador.c
  WikiEDI_BETA.c
E:\Funes\GitHub\EDI\TP_I_EDI_WikiEDI_VS\EDI_Wiki\EDI_Wiki_BETA\WikiEDI_BETA.c(337,24): warning C4566: caractere representado por nome de caractere universal (UCN) '\uFFFD' não pode ser representado na página de código atual (1252)
E:\Funes\GitHub\EDI\TP_I_EDI_WikiEDI_VS\EDI_Wiki\EDI_Wiki_BETA\WikiEDI_BETA.c(402,67): warning C4047: 'função': 'TInfoPage **' difere em níveis de indireção de 'TInfoPage *'
E:\Funes\GitHub\EDI\TP_I_EDI_WikiEDI_VS\EDI_Wiki\EDI_Wiki_BETA\WikiEDI_BETA.c(402,67): warning C4024: 'finderPage': tipos diferentes para parâmetro formal e real 3
E:\Funes\GitHub\EDI\TP_I_EDI_WikiEDI_VS\EDI_Wiki\EDI_Wiki_BETA\WikiEDI_BETA.c(405,33): warning C4473: 'fprintf' : não há argumentos suficientes transmitidos para a cadeia de caracteres de formato
E:\Funes\GitHub\EDI\TP_I_EDI_WikiEDI_VS\EDI_Wiki\EDI_Wiki_BETA\WikiEDI_BETA.c(405,33): message : espaços reservados e seus parâmetros esperam 2 argumentos variadic, mas 1 foram fornecidos
E:\Funes\GitHub\EDI\TP_I_EDI_WikiEDI_VS\EDI_Wiki\EDI_Wiki_BETA\WikiEDI_BETA.c(405,33): message : o argumento variadic 2 ausente é requerido pela cadeia de formato '%s'
E:\Funes\GitHub\EDI\TP_I_EDI_WikiEDI_VS\EDI_Wiki\EDI_Wiki_BETA\WikiEDI_BETA.c(411,33): warning C4473: 'fprintf' : não há argumentos suficientes transmitidos para a cadeia de caracteres de formato
E:\Funes\GitHub\EDI\TP_I_EDI_WikiEDI_VS\EDI_Wiki\EDI_Wiki_BETA\WikiEDI_BETA.c(411,33): message : espaços reservados e seus parâmetros esperam 2 argumentos variadic, mas 1 foram fornecidos
E:\Funes\GitHub\EDI\TP_I_EDI_WikiEDI_VS\EDI_Wiki\EDI_Wiki_BETA\WikiEDI_BETA.c(411,33): message : o argumento variadic 2 ausente é requerido pela cadeia de formato '%s'
E:\Funes\GitHub\EDI\TP_I_EDI_WikiEDI_VS\EDI_Wiki\EDI_Wiki_BETA\WikiEDI_BETA.c(485,64): warning C4047: 'função': 'TInfoPage **' difere em níveis de indireção de 'TInfoPage *'
E:\Funes\GitHub\EDI\TP_I_EDI_WikiEDI_VS\EDI_Wiki\EDI_Wiki_BETA\WikiEDI_BETA.c(485,64): warning C4024: 'finderPage': tipos diferentes para parâmetro formal e real 3
E:\Funes\GitHub\EDI\TP_I_EDI_WikiEDI_VS\EDI_Wiki\EDI_Wiki_BETA\WikiEDI_BETA.c(523,64): warning C4047: 'função': 'TInfoPage **' difere em níveis de indireção de 'TConteudoEdit *'
E:\Funes\GitHub\EDI\TP_I_EDI_WikiEDI_VS\EDI_Wiki\EDI_Wiki_BETA\WikiEDI_BETA.c(523,64): warning C4024: 'finderPage': tipos diferentes para parâmetro formal e real 3
E:\Funes\GitHub\EDI\TP_I_EDI_WikiEDI_VS\EDI_Wiki\EDI_Wiki_BETA\WikiEDI_BETA.c(560,64): warning C4047: 'função': 'TInfoPage **' difere em níveis de indireção de 'TInfoPage *'
E:\Funes\GitHub\EDI\TP_I_EDI_WikiEDI_VS\EDI_Wiki\EDI_Wiki_BETA\WikiEDI_BETA.c(560,64): warning C4024: 'finderPage': tipos diferentes para parâmetro formal e real 3
E:\Funes\GitHub\EDI\TP_I_EDI_WikiEDI_VS\EDI_Wiki\EDI_Wiki_BETA\WikiEDI_BETA.c(570,68): warning C4047: 'função': 'TInfoPage **' difere em níveis de indireção de 'TInfoPage *'
E:\Funes\GitHub\EDI\TP_I_EDI_WikiEDI_VS\EDI_Wiki\EDI_Wiki_BETA\WikiEDI_BETA.c(570,68): warning C4024: 'finderPage': tipos diferentes para parâmetro formal e real 3
E:\Funes\GitHub\EDI\TP_I_EDI_WikiEDI_VS\EDI_Wiki\EDI_Wiki_BETA\WikiEDI_BETA.c(582,44): warning C4133: 'função': tipos incompatíveis - de 'TNodoPage *' para 'TListaLinks *'
E:\Funes\GitHub\EDI\TP_I_EDI_WikiEDI_VS\EDI_Wiki\EDI_Wiki_BETA\WikiEDI_BETA.c(582,59): warning C4133: 'função': tipos incompatíveis - de 'TNodoPage *' para 'TListaLinks *'
E:\Funes\GitHub\EDI\TP_I_EDI_WikiEDI_VS\EDI_Wiki\EDI_Wiki_BETA\WikiEDI_BETA.c(587,70): warning C4020: 'strcpy_s': muitos parâmetros reais
E:\Funes\GitHub\EDI\TP_I_EDI_WikiEDI_VS\EDI_Wiki\EDI_Wiki_BETA\WikiEDI_BETA.c(610,64): warning C4047: 'função': 'TInfoPage **' difere em níveis de indireção de 'TInfoPage *'
E:\Funes\GitHub\EDI\TP_I_EDI_WikiEDI_VS\EDI_Wiki\EDI_Wiki_BETA\WikiEDI_BETA.c(610,64): warning C4024: 'finderPage': tipos diferentes para parâmetro formal e real 3
E:\Funes\GitHub\EDI\TP_I_EDI_WikiEDI_VS\EDI_Wiki\EDI_Wiki_BETA\WikiEDI_BETA.c(620,68): warning C4047: 'função': 'TInfoPage **' difere em níveis de indireção de 'TInfoPage *'
E:\Funes\GitHub\EDI\TP_I_EDI_WikiEDI_VS\EDI_Wiki\EDI_Wiki_BETA\WikiEDI_BETA.c(620,68): warning C4024: 'finderPage': tipos diferentes para parâmetro formal e real 3
E:\Funes\GitHub\EDI\TP_I_EDI_WikiEDI_VS\EDI_Wiki\EDI_Wiki_BETA\WikiEDI_BETA.c(647,64): warning C4047: 'função': 'TInfoPage **' difere em níveis de indireção de 'TInfoPage *'
E:\Funes\GitHub\EDI\TP_I_EDI_WikiEDI_VS\EDI_Wiki\EDI_Wiki_BETA\WikiEDI_BETA.c(647,64): warning C4024: 'finderPage': tipos diferentes para parâmetro formal e real 3
E:\Funes\GitHub\EDI\TP_I_EDI_WikiEDI_VS\EDI_Wiki\EDI_Wiki_BETA\WikiEDI_BETA.c(650,72): warning C4047: 'função': 'TLinksLista **' difere em níveis de indireção de 'TLinksLista *'
E:\Funes\GitHub\EDI\TP_I_EDI_WikiEDI_VS\EDI_Wiki\EDI_Wiki_BETA\WikiEDI_BETA.c(650,72): warning C4024: 'finderLinksOrig': tipos diferentes para parâmetro formal e real 3
E:\Funes\GitHub\EDI\TP_I_EDI_WikiEDI_VS\EDI_Wiki\EDI_Wiki_BETA\WikiEDI_BETA.c(653,76): warning C4047: 'função': 'TLinksLista **' difere em níveis de indireção de 'TLinksLista *'
E:\Funes\GitHub\EDI\TP_I_EDI_WikiEDI_VS\EDI_Wiki\EDI_Wiki_BETA\WikiEDI_BETA.c(653,76): warning C4024: 'finderLinksDest': tipos diferentes para parâmetro formal e real 3
E:\Funes\GitHub\EDI\TP_I_EDI_WikiEDI_VS\EDI_Wiki\EDI_Wiki_BETA\WikiEDI_BETA.c(673,67): warning C4047: 'função': 'TInfoPage **' difere em níveis de indireção de 'TInfoPage *'
E:\Funes\GitHub\EDI\TP_I_EDI_WikiEDI_VS\EDI_Wiki\EDI_Wiki_BETA\WikiEDI_BETA.c(673,67): warning C4024: 'finderPage': tipos diferentes para parâmetro formal e real 3
E:\Funes\GitHub\EDI\TP_I_EDI_WikiEDI_VS\EDI_Wiki\EDI_Wiki_BETA\WikiEDI_BETA.c(677,45): warning C4133: 'função': tipos incompatíveis - de 'TEditores *' para 'char *'
E:\Funes\GitHub\EDI\TP_I_EDI_WikiEDI_VS\EDI_Wiki\EDI_Wiki_BETA\WikiEDI_BETA.c(677,56): warning C4020: 'printPageWikiArq': muitos parâmetros reais
E:\Funes\GitHub\EDI\TP_I_EDI_WikiEDI_VS\EDI_Wiki\EDI_Wiki_BETA\WikiEDI_BETA.c(292,10): warning C4101: 'lineLog': variável local não referenciada
E:\Funes\GitHub\EDI\TP_I_EDI_WikiEDI_VS\EDI_Wiki\EDI_Wiki_BETA\WikiEDI_BETA.c(284,11): warning C4101: 'lineCommand': variável local não referenciada
E:\Funes\GitHub\EDI\TP_I_EDI_WikiEDI_VS\EDI_Wiki\EDI_Wiki_BETA\WikiEDI_BETA.c(715,54): warning C4028: parâmetro formal 2 diferente da declaração
E:\Funes\GitHub\EDI\TP_I_EDI_WikiEDI_VS\EDI_Wiki\EDI_Wiki_BETA\WikiEDI_BETA.c(716,1): warning C4029: lista de parâmetros formais declarada diferente da definição
  Gerando Código...
  EDI_Wiki_BETA.vcxproj -> E:\Funes\GitHub\EDI\TP_I_EDI_WikiEDI_VS\EDI_Wiki\Debug\EDI_Wiki_BETA.exe
